======================================================================
SCRIPT 7 STEPS LOG
Started: 2026-07-17 15:28:17
======================================================================
  workers=8, sep-sample=60,000/class, include_identifiers=False

[SUB-STEP 7.1] Discover feature columns (started: 15:28:17)
  [OK] 83 features to profile
  [✓] Sub-step 7.1 completed at 15:28:17

[SUB-STEP 7.2] Profile features (started: 15:28:17)
  10/83 profiled (last: Fwd Packet Length Min)
  20/83 profiled (last: Flow IAT Std)
  30/83 profiled (last: Fwd PSH Flags)
  40/83 profiled (last: Fwd Packets/s)
  50/83 profiled (last: PSH Flag Count)
  60/83 profiled (last: Fwd Packet/Bulk Avg)
  70/83 profiled (last: Fwd Act Data Pkts)
  80/83 profiled (last: ICMP Code)
  [OK] 83 features profiled
  [✓] Sub-step 7.2 completed at 15:29:00

[SUB-STEP 7.3] Write profiles.json (started: 15:29:00)
  [OK] Saved H:\nidswork\output\7_profile\cicids2017\profiles.json (83 features)
  [✓] Sub-step 7.3 completed at 15:29:00

[SUB-STEP 7.4] Write report (started: 15:29:00)
  [OK] Saved 7_profile_report.txt
  [✓] Sub-step 7.4 completed at 15:29:00

======================================================================
Completed: 2026-07-17 15:29:00
======================================================================
